Determining if the pthread_create exist failed with the following output:
Change Dir: /home/christian/ros/build/CMakeFiles/CMakeTmp

Run Build Command:/usr/bin/make "cmTryCompileExec4141187740/fast"
/usr/bin/make -f CMakeFiles/cmTryCompileExec4141187740.dir/build.make CMakeFiles/cmTryCompileExec4141187740.dir/build
make[1]: Entering directory `/home/christian/ros/build/CMakeFiles/CMakeTmp'
/usr/bin/cmake -E cmake_progress_report /home/christian/ros/build/CMakeFiles/CMakeTmp/CMakeFiles 1
Building C object CMakeFiles/cmTryCompileExec4141187740.dir/CheckSymbolExists.c.o
/usr/bin/cc    -o CMakeFiles/cmTryCompileExec4141187740.dir/CheckSymbolExists.c.o   -c /home/christian/ros/build/CMakeFiles/CMakeTmp/CheckSymbolExists.c
Linking C executable cmTryCompileExec4141187740
/usr/bin/cmake -E cmake_link_script CMakeFiles/cmTryCompileExec4141187740.dir/link.txt --verbose=1
/usr/bin/cc       CMakeFiles/cmTryCompileExec4141187740.dir/CheckSymbolExists.c.o  -o cmTryCompileExec4141187740 -rdynamic 
CMakeFiles/cmTryCompileExec4141187740.dir/CheckSymbolExists.c.o: In function `main':
CheckSymbolExists.c:(.text+0x16): undefined reference to `pthread_create'
collect2: error: ld returned 1 exit status
make[1]: *** [cmTryCompileExec4141187740] Error 1
make[1]: Leaving directory `/home/christian/ros/build/CMakeFiles/CMakeTmp'
make: *** [cmTryCompileExec4141187740/fast] Error 2

File /home/christian/ros/build/CMakeFiles/CMakeTmp/CheckSymbolExists.c:
/* */
#include <pthread.h>

int main(int argc, char** argv)
{
  (void)argv;
#ifndef pthread_create
  return ((int*)(&pthread_create))[argc];
#else
  (void)argc;
  return 0;
#endif
}

Determining if the function pthread_create exists in the pthreads failed with the following output:
Change Dir: /home/christian/ros/build/CMakeFiles/CMakeTmp

Run Build Command:/usr/bin/make "cmTryCompileExec208196043/fast"
/usr/bin/make -f CMakeFiles/cmTryCompileExec208196043.dir/build.make CMakeFiles/cmTryCompileExec208196043.dir/build
make[1]: Entering directory `/home/christian/ros/build/CMakeFiles/CMakeTmp'
/usr/bin/cmake -E cmake_progress_report /home/christian/ros/build/CMakeFiles/CMakeTmp/CMakeFiles 1
Building C object CMakeFiles/cmTryCompileExec208196043.dir/CheckFunctionExists.c.o
/usr/bin/cc   -DCHECK_FUNCTION_EXISTS=pthread_create   -o CMakeFiles/cmTryCompileExec208196043.dir/CheckFunctionExists.c.o   -c /usr/share/cmake-2.8/Modules/CheckFunctionExists.c
Linking C executable cmTryCompileExec208196043
/usr/bin/cmake -E cmake_link_script CMakeFiles/cmTryCompileExec208196043.dir/link.txt --verbose=1
/usr/bin/cc   -DCHECK_FUNCTION_EXISTS=pthread_create    CMakeFiles/cmTryCompileExec208196043.dir/CheckFunctionExists.c.o  -o cmTryCompileExec208196043 -rdynamic -lpthreads 
/usr/bin/ld: cannot find -lpthreads
collect2: error: ld returned 1 exit status
make[1]: *** [cmTryCompileExec208196043] Error 1
make[1]: Leaving directory `/home/christian/ros/build/CMakeFiles/CMakeTmp'
make: *** [cmTryCompileExec208196043/fast] Error 2


